260
0.01
0.01
0.1
10000000
9
Minimal aGF shell: 0.284605	0.284605
Minimal GF1 shell:  2.5	2.5
Minimal GF2 shell:  3.75	6.25

ERROR: distance in getDist
ERROR: distance in getDist
ERROR: distance in getDist
ERROR: distance in getDist
ERROR: distance in getDist
ERROR: distance in getDist
ERROR: distance in getDist
ERROR: distance in getDist
ERROR: distance in getDist
ERROR: distance in getDist
ERROR: distance in getDist
ERROR: distance in getDist
ERROR: distance in getDist
ERROR: distance in getDist
ERROR: distance in getDist
ERROR: distance in getDist
ERROR: distance in getDist
ERROR: distance in getDist
ERROR: distance in getDist
ERROR: distance in getDist
ERROR: distance in getDist
